Reading operations for: 12 size problem
Container verification successful
Configuration service is starting configuration.
Batch run. Will try to start the computation.
Computation is starting.
Created 1 workplace(s).
Workplace workplace@4792@norbert initialized.
Fixed step stop condition created with step set to: 1000000.
workplace@4792@norbert is starting...
Workplace IsolatedSimpleWorkplace{address=workplace@4792@norbert} started.
46909976
46909976
45872645
45872645
45872565
45872565
44474705
44474705
40827210
40827210
40827210
40827210
40827210
40827210
40827210
40827210
40827210
40827210
40073256
40073256
40073256
40073256
40073256
40073256
39927927
39927927
39927927
39927927
39925019
39925019
39925019
39925019
39925019
39925019
39925019
39925019
39925019
39925019
39925019
39925019
39925019
39925019
39925019
39925019
39925019
39925019
39925019
39925019
39925019
39925019
39925019
39925019
39906027
39906027
39906027
39906027
39906027
39906027
39906027
39906027
39906027
39906027
39906027
39906027
39906027
39906027
39906027
39906027
39906027
39906027
39906027
39906027
39906027
39906027
39906027
39906027
39906027
39906027
39906027
39906027
39906027
39906027
39906027
39906027
39906027
39906027
39906027
39906027
39906027
39906027
39906027
39906027
39906027
39906027
39906027
39906027
39906027
39906027
39906027
39906027
39906027
39906027
39906027
39906027
39906027
39906027
39906027
39906027
39906027
39906027
39906027
39906027
39906027
39906027
39906027
39906027
39906027
39906027
39906027
39906027
39906027
39906027
39906027
39906027
39906027
39906027
39906027
39906027
39906027
39906027
39906027
39906027
39906027
39906027
39906027
39906027
39906027
39906027
39906027
39906027
39906027
39906027
39906027
39906027
39906027
39906027
39906027
39906027
39906027
39906027
39906027
39906027
39906027
39906027
39906027
39906027
39906027
39906027
39906027
39906027
39906027
39906027
39906027
39906027
39906027
39906027
39906027
39906027
39906027
39906027
39906027
39906027
39906027
39906027
39906027
39906027
39906027
39906027
39906027
39906027
39906027
39906027
39906027
39906027
39906027
39906027
39906027
39906027
39906027
39906027
39906027
39906027
39906027
39906027
39906027
39906027
39906027
39906027
39906027
39906027
39906027
39906027
39906027
39906027
39906027
39906027
39906027
39906027
39906027
39906027
39906027
39906027
39906027
39906027
39906027
39906027
39906027
39906027
39906027
39906027
39906027
39906027
39906027
39906027
39906027
39906027
39906027
39906027
39906027
39906027
39906027
39906027
39906027
39906027
39906027
39906027
39906027
39906027
39906027
39906027
39906027
39906027
39906027
39906027
39906027
39906027
39906027
39906027
39906027
39906027
39906027
39906027
39906027
39906027
39906027
39906027
39906027
39906027
39906027
39906027
39906027
39906027
39906027
39906027
39906027
39906027
39906027
39906027
39906027
39906027
39906027
39906027
39906027
39906027
39906027
39906027
39906027
39906027
39906027
39906027
39906027
39906027
39906027
39906027
39906027
39906027
39906027
39906027
