Reading operations for: 12 size problem
Container verification successful
Configuration service is starting configuration.
Batch run. Will try to start the computation.
Computation is starting.
Created 1 workplace(s).
Workplace workplace@2160@norbert initialized.
Fixed step stop condition created with step set to: 1000000.
workplace@2160@norbert is starting...
Workplace IsolatedSimpleWorkplace{address=workplace@2160@norbert} started.
48173643
48173643
45258963
45258963
43739429
43739429
42791715
42791715
41301679
41301679
41301679
41301679
41301679
41301679
41043607
41043607
41043607
41043607
40987369
40987369
40987369
40987369
40902259
40902259
40902259
40902259
40902259
40902259
39476353
39476353
39476353
39476353
39476353
39476353
39476353
39476353
39476353
39476353
39476353
39476353
39476353
39476353
39476353
39476353
39476353
39476353
39476353
39476353
39476353
39476353
39476353
39476353
39476353
39476353
39476353
39476353
39476353
39476353
39476353
39476353
39476353
39476353
39476353
39476353
39476353
39476353
39476353
39476353
39476353
39476353
39476353
39476353
39476353
39476353
39476353
39476353
39476353
39476353
39476353
39476353
39476353
39476353
39476353
39476353
39476353
39476353
39476353
39476353
39476353
39476353
39476353
39476353
39476353
39476353
39476353
39476353
39476353
39476353
39476353
39476353
39476353
39476353
39476353
39476353
39476353
39476353
39476353
39476353
39476353
39476353
39476353
39476353
39476353
39476353
39476353
39476353
39476353
39476353
39476353
39476353
39476353
39476353
39476353
39476353
39476353
39476353
39476353
39476353
39476353
39476353
39476353
39476353
39476353
39476353
39476353
39476353
39476353
39476353
39476353
39476353
39476353
39476353
39476353
39476353
39476353
39476353
39476353
39476353
39476353
39476353
39476353
39476353
39476353
39476353
39476353
39476353
39476353
39476353
39476353
39476353
39476353
39476353
39476353
39476353
39476353
39476353
39476353
39476353
39476353
39476353
39476353
39476353
39464925
39464925
39464925
39464925
39464925
39464925
39464925
39464925
39464925
39464925
39464925
39464925
39464925
39464925
39464925
39464925
39464925
39464925
39464925
39464925
39464925
39464925
39464925
39464925
39464925
39464925
39464925
39464925
39464925
39464925
39464925
39464925
39464925
39464925
39464925
39464925
39464925
39464925
39464925
39464925
39464925
39464925
39464925
39464925
39464925
39464925
39464925
39464925
39464925
39464925
39464925
39464925
39464925
39464925
39464925
39464925
39464925
39464925
39464925
39464925
39464925
39464925
39464925
39464925
39464925
39464925
39464925
39464925
39464925
39464925
39464925
39464925
39464925
39464925
39464925
39464925
39464925
39464925
39464925
39464925
39464925
39464925
39464925
39464925
39464925
39464925
39464925
39464925
39464925
39464925
39464925
39464925
39464925
39464925
39464925
39464925
39464925
39464925
39464925
39464925
39464925
39464925
39464925
39464925
39464925
39464925
39464925
39464925
39464925
39464925
39464925
39464925
39464925
39464925
39464925
39464925
FINISHED EXECUTION
Cannot finish still running workplace: IsolatedSimpleWorkplace{address=workplace@2160@norbert}.
Node terminated.
