Reading operations for: 12 size problem
Container verification successful
Agent GeneticActionDrivenAgent{address=agent1@1652@norbert} initialized
Configuration service is starting configuration.
Batch run. Will try to start the computation.
Computation is starting.
Created 1 workplace(s).
Workplace agent0@1652@norbert initialized.
Fixed step stop condition created with step set to: 1000000.
agent0@1652@norbert is starting...
Workplace IsolatedSimpleWorkplace{address=agent0@1652@norbert} started.
0.0 250642.0 [11, 3, 7, 8, 6, 2, 5, 0, 1, 4, 9, 10]
0.0 239818.0 [6, 9, 11, 3, 0, 4, 7, 5, 2, 1, 8, 10]
0.0 230704.0 [10, 11, 3, 0, 1, 9, 4, 8, 7, 5, 2, 6]
0.0 230704.0 [10, 11, 3, 0, 1, 9, 4, 8, 7, 5, 2, 6]
0.0 230704.0 [10, 11, 3, 0, 1, 9, 4, 8, 7, 5, 2, 6]
0.0 229092.0 [7, 3, 8, 11, 1, 2, 9, 0, 6, 4, 5, 10]
0.0 224416.0 [1, 3, 6, 11, 7, 2, 9, 0, 8, 5, 4, 10]
0.0 224416.0 [1, 3, 6, 11, 7, 2, 9, 0, 8, 5, 4, 10]
0.0 224416.0 [1, 3, 6, 11, 7, 2, 9, 0, 8, 5, 4, 10]
0.0 224416.0 [1, 3, 6, 11, 7, 2, 9, 0, 8, 5, 4, 10]
0.0 224416.0 [1, 3, 6, 11, 7, 2, 9, 0, 8, 5, 4, 10]
0.0 224416.0 [1, 3, 6, 11, 7, 2, 9, 0, 8, 5, 4, 10]
0.0 224416.0 [1, 3, 6, 11, 7, 2, 9, 0, 8, 5, 4, 10]
0.0 224416.0 [1, 3, 6, 11, 7, 2, 9, 0, 8, 5, 4, 10]
0.0 224416.0 [1, 3, 6, 11, 7, 2, 9, 0, 8, 5, 4, 10]
0.0 224416.0 [1, 3, 6, 11, 7, 2, 9, 0, 8, 5, 4, 10]
0.0 224416.0 [1, 3, 6, 11, 7, 2, 9, 0, 8, 5, 4, 10]
0.0 224416.0 [1, 3, 6, 11, 7, 2, 9, 0, 8, 5, 4, 10]
0.0 224416.0 [1, 3, 6, 11, 7, 2, 9, 0, 8, 5, 4, 10]
0.0 224416.0 [1, 3, 6, 11, 7, 2, 9, 0, 8, 5, 4, 10]
0.0 224416.0 [1, 3, 6, 11, 7, 2, 9, 0, 8, 5, 4, 10]
0.0 224416.0 [1, 3, 6, 11, 7, 2, 9, 0, 8, 5, 4, 10]
0.0 224416.0 [1, 3, 6, 11, 7, 2, 9, 0, 8, 5, 4, 10]
0.0 224416.0 [1, 3, 6, 11, 7, 2, 9, 0, 8, 5, 4, 10]
0.0 224416.0 [1, 3, 6, 11, 7, 2, 9, 0, 8, 5, 4, 10]
0.0 224416.0 [1, 3, 6, 11, 7, 2, 9, 0, 8, 5, 4, 10]
0.0 224416.0 [1, 3, 6, 11, 7, 2, 9, 0, 8, 5, 4, 10]
0.0 224416.0 [1, 3, 6, 11, 7, 2, 9, 0, 8, 5, 4, 10]
FINISHED EXECUTION
Cannot finish still running workplace: IsolatedSimpleWorkplace{address=agent0@1652@norbert}.
Node terminated.
