Reading operations for: 12 size problem
Container verification successful
Agent GeneticActionDrivenAgent{address=agent1@592@norbert} initialized
Configuration service is starting configuration.
Batch run. Will try to start the computation.
Computation is starting.
Created 1 workplace(s).
Workplace agent0@592@norbert initialized.
Fixed step stop condition created with step set to: 1000000.
agent0@592@norbert is starting...
Workplace IsolatedSimpleWorkplace{address=agent0@592@norbert} started.
0.0 247214.0 [7, 11, 0, 2, 1, 10, 8, 3, 4, 5, 6, 9]
0.0 237136.0 [7, 5, 11, 1, 10, 3, 8, 0, 2, 6, 4, 9]
0.0 237136.0 [7, 5, 11, 1, 10, 3, 8, 0, 2, 6, 4, 9]
0.0 237136.0 [7, 5, 11, 1, 10, 3, 8, 0, 2, 6, 4, 9]
0.0 237136.0 [7, 5, 11, 1, 10, 3, 8, 0, 2, 6, 4, 9]
0.0 237136.0 [7, 5, 11, 1, 10, 3, 8, 0, 2, 6, 4, 9]
0.0 234072.0 [7, 8, 5, 1, 9, 10, 4, 2, 0, 6, 11, 3]
0.0 233702.0 [7, 4, 5, 1, 9, 10, 8, 2, 0, 6, 11, 3]
0.0 233702.0 [7, 4, 5, 1, 9, 10, 8, 2, 0, 6, 11, 3]
0.0 233702.0 [7, 4, 5, 1, 9, 10, 8, 2, 0, 6, 11, 3]
0.0 233702.0 [7, 4, 5, 1, 9, 10, 8, 2, 0, 6, 11, 3]
0.0 233702.0 [7, 4, 5, 1, 9, 10, 8, 2, 0, 6, 11, 3]
0.0 233702.0 [7, 4, 5, 1, 9, 10, 8, 2, 0, 6, 11, 3]
0.0 233702.0 [7, 4, 5, 1, 9, 10, 8, 2, 0, 6, 11, 3]
0.0 233702.0 [7, 4, 5, 1, 9, 10, 8, 2, 0, 6, 11, 3]
0.0 229092.0 [7, 4, 5, 1, 9, 10, 8, 0, 2, 6, 11, 3]
0.0 229092.0 [7, 4, 5, 1, 9, 10, 8, 0, 2, 6, 11, 3]
0.0 229092.0 [7, 4, 5, 1, 9, 10, 8, 0, 2, 6, 11, 3]
0.0 229092.0 [7, 4, 5, 1, 9, 10, 8, 0, 2, 6, 11, 3]
0.0 229092.0 [7, 4, 5, 1, 9, 10, 8, 0, 2, 6, 11, 3]
0.0 229092.0 [7, 4, 5, 1, 9, 10, 8, 0, 2, 6, 11, 3]
0.0 229092.0 [7, 4, 5, 1, 9, 10, 8, 0, 2, 6, 11, 3]
0.0 229092.0 [7, 4, 5, 1, 9, 10, 8, 0, 2, 6, 11, 3]
0.0 229092.0 [7, 4, 5, 1, 9, 10, 8, 0, 2, 6, 11, 3]
0.0 229092.0 [7, 4, 5, 1, 9, 10, 8, 0, 2, 6, 11, 3]
0.0 229092.0 [7, 4, 5, 1, 9, 10, 8, 0, 2, 6, 11, 3]
0.0 229092.0 [7, 4, 5, 1, 9, 10, 8, 0, 2, 6, 11, 3]
0.0 229092.0 [7, 4, 5, 1, 9, 10, 8, 0, 2, 6, 11, 3]
FINISHED EXECUTION
Cannot finish still running workplace: IsolatedSimpleWorkplace{address=agent0@592@norbert}.
Node terminated.
